<?xml version="1.0" encoding="UTF-8"?>
<!-- Generated by org.testng.reporters.JUnitReportReporter -->
<testsuite hostname="BTKLLPREN108" failures="0" tests="10" name="testCases.TC_loginpage" time="38.242" errors="0" timestamp="2024-10-08T23:34:27 IST" skipped="0">
  <testcase classname="testCases.TC_loginpage" name="verify_validusernamepassword" time="0.619"/>
  <testcase classname="testCases.TC_loginpage" name="Myaacount_Signout" time="14.808"/>
  <testcase classname="testCases.TC_loginpage" name="Verify_Invalidusername_validpassword" time="0.929"/>
  <testcase classname="testCases.TC_loginpage" name="To_Verify_valid_username_with_invalid_password" time="3.243"/>
  <testcase classname="testCases.TC_loginpage" name="To_verify_send_btn_enable_or_not" time="2.982"/>
  <testcase classname="testCases.TC_loginpage" name="To_verify_clickof_appstore" time="2.214"/>
  <testcase classname="testCases.TC_loginpage" name="To_verify_androidapp" time="3.063"/>
  <testcase classname="testCases.TC_loginpage" name="To_verify_windowstore" time="7.005"/>
  <testcase classname="testCases.TC_loginpage" name="To_verify_privacy_policy" time="1.085"/>
  <testcase classname="testCases.TC_loginpage" name="To_terms_condition" time="2.294"/>
</testsuite> <!-- testCases.TC_loginpage -->
